<?xml version="1.0" encoding="UTF-8"?>
<testsuites name="Mocha Tests" time="0.0000" tests="1" failures="1">
  <testsuite name="Root Suite" timestamp="2022-02-18T15:15:34" tests="0" file="cypress/integration/3-Akademie/4-AKD_Edit_Login_Rechnung_checkout.spec.js" time="0.0000" failures="0">
  </testsuite>
  <testsuite name="Akademie Edit Environment" timestamp="2022-02-18T15:15:34" tests="1" time="0.0000" failures="1">
    <testcase name="Akademie Edit Environment Login Checkout clickpath" time="0.0000" classname="Login Checkout clickpath">
      <failure message="Timed out retrying after 4000ms: Expected to find element: `[name=&quot;checkout&quot;]`, but never found it." type="AssertionError"><![CDATA[AssertionError: Timed out retrying after 4000ms: Expected to find element: `[name="checkout"]`, but never found it.
    at Context.eval (https://pre-edit-ish22-tuevs.fse.intershop.de/__cypress/tests?p=cypress\integration\3-Akademie\4-AKD_Edit_Login_Rechnung_checkout.spec.js:147:8)]]></failure>
    </testcase>
  </testsuite>
</testsuites>